# JRE version: OpenJDK Runtime Environment Temurin-17.0.8.1+1 (17.0.8.1+1) (build 17.0.8.1+1)
# Java VM: OpenJDK 64-Bit Server VM Temurin-17.0.8.1+1 (17.0.8.1+1, mixed mode, emulated-client, tiered, compressed oops, compressed class ptrs, g1 gc, windows-amd64)
GC Precious Log:
 CPUs: 4 total, 4 available
 Memory: 7990M
 Large Page Support: Disabled
 NUMA Support: Disabled
 Compressed Oops: Enabled (32-bit)
 Heap Region Size: 1M
 Heap Min Capacity: 8M
 Heap Initial Capacity: 126M
 Heap Max Capacity: 1998M
 Pre-touch: Disabled
 Parallel Workers: 4
 Concurrent Workers: 1
 Concurrent Refinement Workers: 4
 Periodic GC: Disabled
Heap:
 garbage-first heap   total 78848K, used 56797K [0x0000000083200000, 0x0000000100000000)
  region size 1024K, 28 young (28672K), 4 survivors (4096K)
 Metaspace       used 71055K, committed 71616K, reserved 1114112K
  class space    used 9857K, committed 10112K, reserved 1048576K
GC Heap History (20 events):
Event: 3.898 GC heap before
{Heap before GC invocations=8 (full 0):
 garbage-first heap   total 90112K, used 64024K [0x0000000083200000, 0x0000000100000000)
  region size 1024K, 51 young (52224K), 2 survivors (2048K)
 Metaspace       used 32881K, committed 33280K, reserved 1114112K
  class space    used 4121K, committed 4288K, reserved 1048576K
}
Event: 3.908 GC heap after
{Heap after GC invocations=9 (full 0):
 garbage-first heap   total 90112K, used 17650K [0x0000000083200000, 0x0000000100000000)
  region size 1024K, 6 young (6144K), 6 survivors (6144K)
 Metaspace       used 32881K, committed 33280K, reserved 1114112K
  class space    used 4121K, committed 4288K, reserved 1048576K
}
Event: 4.824 GC heap before
{Heap before GC invocations=9 (full 0):
 garbage-first heap   total 90112K, used 48370K [0x0000000083200000, 0x0000000100000000)
  region size 1024K, 37 young (37888K), 6 survivors (6144K)
 Metaspace       used 35990K, committed 36288K, reserved 1114112K
  class space    used 4591K, committed 4736K, reserved 1048576K
}
Event: 4.837 GC heap after
{Heap after GC invocations=10 (full 0):
 garbage-first heap   total 90112K, used 19802K [0x0000000083200000, 0x0000000100000000)
  region size 1024K, 3 young (3072K), 3 survivors (3072K)
 Metaspace       used 35990K, committed 36288K, reserved 1114112K
  class space    used 4591K, committed 4736K, reserved 1048576K
}
Event: 6.032 GC heap before
{Heap before GC invocations=11 (full 0):
 garbage-first heap   total 78848K, used 63834K [0x0000000083200000, 0x0000000100000000)
  region size 1024K, 46 young (47104K), 3 survivors (3072K)
 Metaspace       used 40829K, committed 41280K, reserved 1114112K
  class space    used 5374K, committed 5568K, reserved 1048576K
}
Event: 6.044 GC heap after
{Heap after GC invocations=12 (full 0):
 garbage-first heap   total 78848K, used 23148K [0x0000000083200000, 0x0000000100000000)
  region size 1024K, 6 young (6144K), 6 survivors (6144K)
 Metaspace       used 40829K, committed 41280K, reserved 1114112K
  class space    used 5374K, committed 5568K, reserved 1048576K
}
Event: 6.067 GC heap before
{Heap before GC invocations=12 (full 0):
 garbage-first heap   total 78848K, used 24172K [0x0000000083200000, 0x0000000100000000)
  region size 1024K, 7 young (7168K), 6 survivors (6144K)
 Metaspace       used 40842K, committed 41344K, reserved 1114112K
  class space    used 5378K, committed 5632K, reserved 1048576K
}
Event: 6.076 GC heap after
{Heap after GC invocations=13 (full 0):
 garbage-first heap   total 78848K, used 23801K [0x0000000083200000, 0x0000000100000000)
  region size 1024K, 1 young (1024K), 1 survivors (1024K)
 Metaspace       used 40842K, committed 41344K, reserved 1114112K
  class space    used 5378K, committed 5632K, reserved 1048576K
}
Event: 7.050 GC heap before
{Heap before GC invocations=13 (full 0):
 garbage-first heap   total 78848K, used 58617K [0x0000000083200000, 0x0000000100000000)
  region size 1024K, 35 young (35840K), 1 survivors (1024K)
 Metaspace       used 46321K, committed 46848K, reserved 1114112K
  class space    used 5974K, committed 6208K, reserved 1048576K
}
Event: 7.057 GC heap after
{Heap after GC invocations=14 (full 0):
 garbage-first heap   total 78848K, used 25177K [0x0000000083200000, 0x0000000100000000)
  region size 1024K, 3 young (3072K), 3 survivors (3072K)
 Metaspace       used 46321K, committed 46848K, reserved 1114112K
  class space    used 5974K, committed 6208K, reserved 1048576K
}
Event: 8.421 GC heap before
{Heap before GC invocations=14 (full 0):
 garbage-first heap   total 78848K, used 59993K [0x0000000083200000, 0x0000000100000000)
  region size 1024K, 37 young (37888K), 3 survivors (3072K)
 Metaspace       used 53279K, committed 53760K, reserved 1114112K
  class space    used 7028K, committed 7232K, reserved 1048576K
}
Event: 8.429 GC heap after
{Heap after GC invocations=15 (full 0):
 garbage-first heap   total 78848K, used 27281K [0x0000000083200000, 0x0000000100000000)
  region size 1024K, 5 young (5120K), 5 survivors (5120K)
 Metaspace       used 53279K, committed 53760K, reserved 1114112K
  class space    used 7028K, committed 7232K, reserved 1048576K
}
Event: 9.798 GC heap before
{Heap before GC invocations=15 (full 0):
 garbage-first heap   total 78848K, used 61073K [0x0000000083200000, 0x0000000100000000)
  region size 1024K, 38 young (38912K), 5 survivors (5120K)
 Metaspace       used 58666K, committed 59200K, reserved 1114112K
  class space    used 7808K, committed 8064K, reserved 1048576K
}
Event: 9.811 GC heap after
{Heap after GC invocations=16 (full 0):
 garbage-first heap   total 78848K, used 29746K [0x0000000083200000, 0x0000000100000000)
  region size 1024K, 5 young (5120K), 5 survivors (5120K)
 Metaspace       used 58666K, committed 59200K, reserved 1114112K
  class space    used 7808K, committed 8064K, reserved 1048576K
}
Event: 10.345 GC heap before
{Heap before GC invocations=16 (full 0):
 garbage-first heap   total 78848K, used 42034K [0x0000000083200000, 0x0000000100000000)
  region size 1024K, 18 young (18432K), 5 survivors (5120K)
 Metaspace       used 60457K, committed 60928K, reserved 1114112K
  class space    used 8025K, committed 8256K, reserved 1048576K
}
Event: 10.355 GC heap after
{Heap after GC invocations=17 (full 0):
 garbage-first heap   total 78848K, used 30629K [0x0000000083200000, 0x0000000100000000)
  region size 1024K, 4 young (4096K), 4 survivors (4096K)
 Metaspace       used 60457K, committed 60928K, reserved 1114112K
  class space    used 8025K, committed 8256K, reserved 1048576K
}
Event: 12.625 GC heap before
{Heap before GC invocations=18 (full 0):
 garbage-first heap   total 78848K, used 61349K [0x0000000083200000, 0x0000000100000000)
  region size 1024K, 35 young (35840K), 4 survivors (4096K)
 Metaspace       used 66408K, committed 66880K, reserved 1114112K
  class space    used 9119K, committed 9344K, reserved 1048576K
}
Event: 12.637 GC heap after
{Heap after GC invocations=19 (full 0):
 garbage-first heap   total 78848K, used 32052K [0x0000000083200000, 0x0000000100000000)
  region size 1024K, 3 young (3072K), 3 survivors (3072K)
 Metaspace       used 66408K, committed 66880K, reserved 1114112K
  class space    used 9119K, committed 9344K, reserved 1048576K
}
Event: 14.015 GC heap before
{Heap before GC invocations=20 (full 0):
 garbage-first heap   total 78848K, used 63796K [0x0000000083200000, 0x0000000100000000)
  region size 1024K, 34 young (34816K), 3 survivors (3072K)
 Metaspace       used 68870K, committed 69440K, reserved 1114112K
  class space    used 9527K, committed 9792K, reserved 1048576K
}
Event: 14.026 GC heap after
{Heap after GC invocations=21 (full 0):
 garbage-first heap   total 78848K, used 33245K [0x0000000083200000, 0x0000000100000000)
  region size 1024K, 4 young (4096K), 4 survivors (4096K)
 Metaspace       used 68870K, committed 69440K, reserved 1114112K
  class space    used 9527K, committed 9792K, reserved 1048576K
}

